<?xml version="1.0" encoding="UTF-8"?>
<!-- Generated by org.testng.reporters.JUnitXMLReporter -->
<testsuite hostname="INTELLI-NL0043" ignored="0" name="Test" tests="5" failures="0" timestamp="2021-11-13T23:10:15 IST" time="44.096" errors="0">
  <testcase name="testBlankEmailandPasswordLogin" time="1.788" classname="TestScripts.LoginTest"/>
  <testcase name="testBlankEmailLogin" time="1.313" classname="TestScripts.LoginTest"/>
  <testcase name="testBlankPasswordLogin" time="1.329" classname="TestScripts.LoginTest"/>
  <testcase name="testInvalidEmailandPasswordLogin" time="1.291" classname="TestScripts.LoginTest"/>
  <testcase name="testValidLogin" time="3.876" classname="TestScripts.LoginTest"/>
</testsuite> <!-- Test -->
